2019/04/22 11:23:26 [error] [exception.CHttpException.404] CHttpException: Unable to resolve the request "favicon.ico". in /var/www/yii/framework/web/CWebApplication.php:286
Stack trace:
#0 /var/www/yii/framework/web/CWebApplication.php(141): CWebApplication->runController('favicon.ico')
#1 /var/www/yii/framework/base/CApplication.php(185): CWebApplication->processRequest()
#2 /var/www/public/index.php(13): CApplication->run()
#3 {main}
REQUEST_URI=/favicon.ico
HTTP_REFERER=http://progbuilder.ru:8883/site/login
---
2019/04/22 12:46:08 [error] [exception.CHttpException.404] CHttpException: Unable to resolve the request "favicon.ico". in /var/www/yii/framework/web/CWebApplication.php:286
Stack trace:
#0 /var/www/yii/framework/web/CWebApplication.php(141): CWebApplication->runController('favicon.ico')
#1 /var/www/yii/framework/base/CApplication.php(185): CWebApplication->processRequest()
#2 /var/www/public/index.php(13): CApplication->run()
#3 {main}
REQUEST_URI=/favicon.ico
HTTP_REFERER=http://progbuilder.ru:8883/
---
2019/04/22 23:26:33 [error] [exception.CHttpException.404] CHttpException: Unable to resolve the request "favicon.ico". in /var/www/yii/framework/web/CWebApplication.php:286
Stack trace:
#0 /var/www/yii/framework/web/CWebApplication.php(141): CWebApplication->runController('favicon.ico')
#1 /var/www/yii/framework/base/CApplication.php(185): CWebApplication->processRequest()
#2 /var/www/public/index.php(13): CApplication->run()
#3 {main}
REQUEST_URI=/favicon.ico
HTTP_REFERER=http://progbuilder.ru:8883/
---
2019/04/23 07:25:48 [error] [exception.CHttpException.404] CHttpException: Unable to resolve the request "favicon.ico". in /var/www/yii/framework/web/CWebApplication.php:286
Stack trace:
#0 /var/www/yii/framework/web/CWebApplication.php(141): CWebApplication->runController('favicon.ico')
#1 /var/www/yii/framework/base/CApplication.php(185): CWebApplication->processRequest()
#2 /var/www/public/index.php(13): CApplication->run()
#3 {main}
REQUEST_URI=/favicon.ico
HTTP_REFERER=http://progbuilder.ru:8883/
---
2019/04/23 09:40:44 [error] [exception.CHttpException.404] CHttpException: Unable to resolve the request "robots.txt". in /var/www/yii/framework/web/CWebApplication.php:286
Stack trace:
#0 /var/www/yii/framework/web/CWebApplication.php(141): CWebApplication->runController('robots.txt')
#1 /var/www/yii/framework/base/CApplication.php(185): CWebApplication->processRequest()
#2 /var/www/public/index.php(13): CApplication->run()
#3 {main}
REQUEST_URI=/robots.txt
---
2019/04/24 10:49:05 [error] [exception.CHttpException.404] CHttpException: Unable to resolve the request "favicon.ico". in /var/www/yii/framework/web/CWebApplication.php:286
Stack trace:
#0 /var/www/yii/framework/web/CWebApplication.php(141): CWebApplication->runController('favicon.ico')
#1 /var/www/yii/framework/base/CApplication.php(185): CWebApplication->processRequest()
#2 /var/www/public/index.php(13): CApplication->run()
#3 {main}
REQUEST_URI=/favicon.ico
HTTP_REFERER=http://progbuilder.ru:8883/
---
2019/04/25 15:11:00 [error] [exception.CHttpException.404] CHttpException: Unable to resolve the request "favicon.ico". in /var/www/yii/framework/web/CWebApplication.php:286
Stack trace:
#0 /var/www/yii/framework/web/CWebApplication.php(141): CWebApplication->runController('favicon.ico')
#1 /var/www/yii/framework/base/CApplication.php(185): CWebApplication->processRequest()
#2 /var/www/public/index.php(13): CApplication->run()
#3 {main}
REQUEST_URI=/favicon.ico
HTTP_REFERER=http://progbuilder.ru:8883/site/login
---
2019/04/26 09:19:05 [error] [exception.CHttpException.404] CHttpException: Unable to resolve the request "favicon.ico". in /var/www/yii/framework/web/CWebApplication.php:286
Stack trace:
#0 /var/www/yii/framework/web/CWebApplication.php(141): CWebApplication->runController('favicon.ico')
#1 /var/www/yii/framework/base/CApplication.php(185): CWebApplication->processRequest()
#2 /var/www/public/index.php(13): CApplication->run()
#3 {main}
REQUEST_URI=/favicon.ico
HTTP_REFERER=http://progbuilder.ru:8883/site/login
---
2019/04/28 17:10:00 [error] [exception.CHttpException.404] CHttpException: Unable to resolve the request "favicon.ico". in /var/www/yii/framework/web/CWebApplication.php:286
Stack trace:
#0 /var/www/yii/framework/web/CWebApplication.php(141): CWebApplication->runController('favicon.ico')
#1 /var/www/yii/framework/base/CApplication.php(185): CWebApplication->processRequest()
#2 /var/www/public/index.php(13): CApplication->run()
#3 {main}
REQUEST_URI=/favicon.ico
HTTP_REFERER=http://progbuilder.ru:8883/
---
2019/04/29 06:26:21 [error] [exception.CHttpException.404] CHttpException: Unable to resolve the request "favicon.ico". in /var/www/yii/framework/web/CWebApplication.php:286
Stack trace:
#0 /var/www/yii/framework/web/CWebApplication.php(141): CWebApplication->runController('favicon.ico')
#1 /var/www/yii/framework/base/CApplication.php(185): CWebApplication->processRequest()
#2 /var/www/public/index.php(13): CApplication->run()
#3 {main}
REQUEST_URI=/favicon.ico
HTTP_REFERER=http://progbuilder.ru:8883/
---
2019/04/29 07:30:51 [error] [exception.CHttpException.404] CHttpException: Unable to resolve the request "favicon.ico". in /var/www/yii/framework/web/CWebApplication.php:286
Stack trace:
#0 /var/www/yii/framework/web/CWebApplication.php(141): CWebApplication->runController('favicon.ico')
#1 /var/www/yii/framework/base/CApplication.php(185): CWebApplication->processRequest()
#2 /var/www/public/index.php(13): CApplication->run()
#3 {main}
REQUEST_URI=/favicon.ico
HTTP_REFERER=http://progbuilder.ru:8883/settings
---
2019/04/29 07:31:30 [error] [exception.CHttpException.404] CHttpException: Unable to resolve the request "favicon.ico". in /var/www/yii/framework/web/CWebApplication.php:286
Stack trace:
#0 /var/www/yii/framework/web/CWebApplication.php(141): CWebApplication->runController('favicon.ico')
#1 /var/www/yii/framework/base/CApplication.php(185): CWebApplication->processRequest()
#2 /var/www/public/index.php(13): CApplication->run()
#3 {main}
REQUEST_URI=/favicon.ico
HTTP_REFERER=http://progbuilder.ru:8883/settings
---
2019/04/29 07:33:08 [error] [exception.CHttpException.404] CHttpException: Unable to resolve the request "favicon.ico". in /var/www/yii/framework/web/CWebApplication.php:286
Stack trace:
#0 /var/www/yii/framework/web/CWebApplication.php(141): CWebApplication->runController('favicon.ico')
#1 /var/www/yii/framework/base/CApplication.php(185): CWebApplication->processRequest()
#2 /var/www/public/index.php(13): CApplication->run()
#3 {main}
REQUEST_URI=/favicon.ico
HTTP_REFERER=http://progbuilder.ru:8883/js/search.js?1.50
---
2019/04/29 07:33:09 [error] [exception.CHttpException.404] CHttpException: Unable to resolve the request "favicon.ico". in /var/www/yii/framework/web/CWebApplication.php:286
Stack trace:
#0 /var/www/yii/framework/web/CWebApplication.php(141): CWebApplication->runController('favicon.ico')
#1 /var/www/yii/framework/base/CApplication.php(185): CWebApplication->processRequest()
#2 /var/www/public/index.php(13): CApplication->run()
#3 {main}
REQUEST_URI=/favicon.ico
HTTP_REFERER=http://progbuilder.ru:8883/js/search.js?1.50
---
2019/04/29 07:33:10 [error] [exception.CHttpException.404] CHttpException: Unable to resolve the request "favicon.ico". in /var/www/yii/framework/web/CWebApplication.php:286
Stack trace:
#0 /var/www/yii/framework/web/CWebApplication.php(141): CWebApplication->runController('favicon.ico')
#1 /var/www/yii/framework/base/CApplication.php(185): CWebApplication->processRequest()
#2 /var/www/public/index.php(13): CApplication->run()
#3 {main}
REQUEST_URI=/favicon.ico
HTTP_REFERER=http://progbuilder.ru:8883/js/search.js?1.50
---
2019/04/29 07:35:09 [error] [exception.CHttpException.404] CHttpException: Unable to resolve the request "favicon.ico". in /var/www/yii/framework/web/CWebApplication.php:286
Stack trace:
#0 /var/www/yii/framework/web/CWebApplication.php(141): CWebApplication->runController('favicon.ico')
#1 /var/www/yii/framework/base/CApplication.php(185): CWebApplication->processRequest()
#2 /var/www/public/index.php(13): CApplication->run()
#3 {main}
REQUEST_URI=/favicon.ico
HTTP_REFERER=http://progbuilder.ru:8883/site/login
---
2019/04/29 08:40:11 [error] [exception.CHttpException.404] CHttpException: Unable to resolve the request "favicon.ico". in /var/www/yii/framework/web/CWebApplication.php:286
Stack trace:
#0 /var/www/yii/framework/web/CWebApplication.php(141): CWebApplication->runController('favicon.ico')
#1 /var/www/yii/framework/base/CApplication.php(185): CWebApplication->processRequest()
#2 /var/www/public/index.php(13): CApplication->run()
#3 {main}
REQUEST_URI=/favicon.ico
HTTP_REFERER=http://progbuilder.ru:8883/settings
---
2019/04/29 09:01:07 [error] [exception.CHttpException.404] CHttpException: Unable to resolve the request "favicon.ico". in /var/www/yii/framework/web/CWebApplication.php:286
Stack trace:
#0 /var/www/yii/framework/web/CWebApplication.php(141): CWebApplication->runController('favicon.ico')
#1 /var/www/yii/framework/base/CApplication.php(185): CWebApplication->processRequest()
#2 /var/www/public/index.php(13): CApplication->run()
#3 {main}
REQUEST_URI=/favicon.ico
HTTP_REFERER=http://progbuilder.ru:8883/settings
---
2019/04/29 09:44:36 [error] [exception.CHttpException.404] CHttpException: Unable to resolve the request "favicon.ico". in /var/www/yii/framework/web/CWebApplication.php:286
Stack trace:
#0 /var/www/yii/framework/web/CWebApplication.php(141): CWebApplication->runController('favicon.ico')
#1 /var/www/yii/framework/base/CApplication.php(185): CWebApplication->processRequest()
#2 /var/www/public/index.php(13): CApplication->run()
#3 {main}
REQUEST_URI=/favicon.ico
HTTP_REFERER=http://progbuilder.ru:8883/
---
2019/04/29 10:16:20 [error] [exception.CHttpException.404] CHttpException: Unable to resolve the request "favicon.ico". in /var/www/yii/framework/web/CWebApplication.php:286
Stack trace:
#0 /var/www/yii/framework/web/CWebApplication.php(141): CWebApplication->runController('favicon.ico')
#1 /var/www/yii/framework/base/CApplication.php(185): CWebApplication->processRequest()
#2 /var/www/public/index.php(13): CApplication->run()
#3 {main}
REQUEST_URI=/favicon.ico
HTTP_REFERER=http://progbuilder.ru:8883/settings
---
2019/04/29 10:17:36 [error] [exception.CHttpException.404] CHttpException: Unable to resolve the request "favicon.ico". in /var/www/yii/framework/web/CWebApplication.php:286
Stack trace:
#0 /var/www/yii/framework/web/CWebApplication.php(141): CWebApplication->runController('favicon.ico')
#1 /var/www/yii/framework/base/CApplication.php(185): CWebApplication->processRequest()
#2 /var/www/public/index.php(13): CApplication->run()
#3 {main}
REQUEST_URI=/favicon.ico
HTTP_REFERER=http://progbuilder.ru:8883/settings
---
2019/04/29 10:23:29 [error] [exception.CHttpException.404] CHttpException: Unable to resolve the request "favicon.ico". in /var/www/yii/framework/web/CWebApplication.php:286
Stack trace:
#0 /var/www/yii/framework/web/CWebApplication.php(141): CWebApplication->runController('favicon.ico')
#1 /var/www/yii/framework/base/CApplication.php(185): CWebApplication->processRequest()
#2 /var/www/public/index.php(13): CApplication->run()
#3 {main}
REQUEST_URI=/favicon.ico
HTTP_REFERER=http://progbuilder.ru:8883/settings
---
2019/04/29 10:25:49 [error] [exception.CHttpException.404] CHttpException: Unable to resolve the request "favicon.ico". in /var/www/yii/framework/web/CWebApplication.php:286
Stack trace:
#0 /var/www/yii/framework/web/CWebApplication.php(141): CWebApplication->runController('favicon.ico')
#1 /var/www/yii/framework/base/CApplication.php(185): CWebApplication->processRequest()
#2 /var/www/public/index.php(13): CApplication->run()
#3 {main}
REQUEST_URI=/favicon.ico
HTTP_REFERER=http://progbuilder.ru:8883/settings
---
2019/04/29 10:26:23 [error] [exception.CHttpException.404] CHttpException: Unable to resolve the request "favicon.ico". in /var/www/yii/framework/web/CWebApplication.php:286
Stack trace:
#0 /var/www/yii/framework/web/CWebApplication.php(141): CWebApplication->runController('favicon.ico')
#1 /var/www/yii/framework/base/CApplication.php(185): CWebApplication->processRequest()
#2 /var/www/public/index.php(13): CApplication->run()
#3 {main}
REQUEST_URI=/favicon.ico
HTTP_REFERER=http://progbuilder.ru:8883/settings
---
2019/04/29 10:30:06 [error] [exception.CHttpException.404] CHttpException: Unable to resolve the request "favicon.ico". in /var/www/yii/framework/web/CWebApplication.php:286
Stack trace:
#0 /var/www/yii/framework/web/CWebApplication.php(141): CWebApplication->runController('favicon.ico')
#1 /var/www/yii/framework/base/CApplication.php(185): CWebApplication->processRequest()
#2 /var/www/public/index.php(13): CApplication->run()
#3 {main}
REQUEST_URI=/favicon.ico
HTTP_REFERER=http://progbuilder.ru:8883/settings
---
2019/04/29 10:31:56 [error] [exception.CHttpException.404] CHttpException: Unable to resolve the request "favicon.ico". in /var/www/yii/framework/web/CWebApplication.php:286
Stack trace:
#0 /var/www/yii/framework/web/CWebApplication.php(141): CWebApplication->runController('favicon.ico')
#1 /var/www/yii/framework/base/CApplication.php(185): CWebApplication->processRequest()
#2 /var/www/public/index.php(13): CApplication->run()
#3 {main}
REQUEST_URI=/favicon.ico
HTTP_REFERER=http://progbuilder.ru:8883/settings
---
2019/04/29 10:33:56 [error] [exception.CHttpException.404] CHttpException: Unable to resolve the request "favicon.ico". in /var/www/yii/framework/web/CWebApplication.php:286
Stack trace:
#0 /var/www/yii/framework/web/CWebApplication.php(141): CWebApplication->runController('favicon.ico')
#1 /var/www/yii/framework/base/CApplication.php(185): CWebApplication->processRequest()
#2 /var/www/public/index.php(13): CApplication->run()
#3 {main}
REQUEST_URI=/favicon.ico
HTTP_REFERER=http://progbuilder.ru:8883/settings
---
2019/04/29 10:36:14 [error] [exception.CHttpException.404] CHttpException: Unable to resolve the request "favicon.ico". in /var/www/yii/framework/web/CWebApplication.php:286
Stack trace:
#0 /var/www/yii/framework/web/CWebApplication.php(141): CWebApplication->runController('favicon.ico')
#1 /var/www/yii/framework/base/CApplication.php(185): CWebApplication->processRequest()
#2 /var/www/public/index.php(13): CApplication->run()
#3 {main}
REQUEST_URI=/favicon.ico
HTTP_REFERER=http://progbuilder.ru:8883/settings
---
2019/04/29 10:36:16 [error] [exception.CHttpException.404] CHttpException: Unable to resolve the request "favicon.ico". in /var/www/yii/framework/web/CWebApplication.php:286
Stack trace:
#0 /var/www/yii/framework/web/CWebApplication.php(141): CWebApplication->runController('favicon.ico')
#1 /var/www/yii/framework/base/CApplication.php(185): CWebApplication->processRequest()
#2 /var/www/public/index.php(13): CApplication->run()
#3 {main}
REQUEST_URI=/favicon.ico
HTTP_REFERER=http://progbuilder.ru:8883/settings
---
2019/04/29 10:36:29 [error] [exception.CHttpException.404] CHttpException: Unable to resolve the request "favicon.ico". in /var/www/yii/framework/web/CWebApplication.php:286
Stack trace:
#0 /var/www/yii/framework/web/CWebApplication.php(141): CWebApplication->runController('favicon.ico')
#1 /var/www/yii/framework/base/CApplication.php(185): CWebApplication->processRequest()
#2 /var/www/public/index.php(13): CApplication->run()
#3 {main}
REQUEST_URI=/favicon.ico
HTTP_REFERER=http://progbuilder.ru:8883/settings
---
2019/04/29 10:37:27 [error] [exception.CHttpException.404] CHttpException: Unable to resolve the request "favicon.ico". in /var/www/yii/framework/web/CWebApplication.php:286
Stack trace:
#0 /var/www/yii/framework/web/CWebApplication.php(141): CWebApplication->runController('favicon.ico')
#1 /var/www/yii/framework/base/CApplication.php(185): CWebApplication->processRequest()
#2 /var/www/public/index.php(13): CApplication->run()
#3 {main}
REQUEST_URI=/favicon.ico
HTTP_REFERER=http://progbuilder.ru:8883/settings
---
2019/04/29 10:38:43 [error] [exception.CHttpException.404] CHttpException: Unable to resolve the request "favicon.ico". in /var/www/yii/framework/web/CWebApplication.php:286
Stack trace:
#0 /var/www/yii/framework/web/CWebApplication.php(141): CWebApplication->runController('favicon.ico')
#1 /var/www/yii/framework/base/CApplication.php(185): CWebApplication->processRequest()
#2 /var/www/public/index.php(13): CApplication->run()
#3 {main}
REQUEST_URI=/favicon.ico
HTTP_REFERER=http://progbuilder.ru:8883/settings
---
2019/04/29 10:38:46 [error] [exception.CHttpException.404] CHttpException: Unable to resolve the request "favicon.ico". in /var/www/yii/framework/web/CWebApplication.php:286
Stack trace:
#0 /var/www/yii/framework/web/CWebApplication.php(141): CWebApplication->runController('favicon.ico')
#1 /var/www/yii/framework/base/CApplication.php(185): CWebApplication->processRequest()
#2 /var/www/public/index.php(13): CApplication->run()
#3 {main}
REQUEST_URI=/favicon.ico
HTTP_REFERER=http://progbuilder.ru:8883/settings
---
2019/04/29 10:38:51 [error] [exception.CHttpException.404] CHttpException: Unable to resolve the request "favicon.ico". in /var/www/yii/framework/web/CWebApplication.php:286
Stack trace:
#0 /var/www/yii/framework/web/CWebApplication.php(141): CWebApplication->runController('favicon.ico')
#1 /var/www/yii/framework/base/CApplication.php(185): CWebApplication->processRequest()
#2 /var/www/public/index.php(13): CApplication->run()
#3 {main}
REQUEST_URI=/favicon.ico
HTTP_REFERER=http://progbuilder.ru:8883/settings
---
2019/04/29 10:45:58 [error] [exception.CHttpException.404] CHttpException: Unable to resolve the request "favicon.ico". in /var/www/yii/framework/web/CWebApplication.php:286
Stack trace:
#0 /var/www/yii/framework/web/CWebApplication.php(141): CWebApplication->runController('favicon.ico')
#1 /var/www/yii/framework/base/CApplication.php(185): CWebApplication->processRequest()
#2 /var/www/public/index.php(13): CApplication->run()
#3 {main}
REQUEST_URI=/favicon.ico
HTTP_REFERER=http://progbuilder.ru:8883/settings
---
2019/04/30 07:15:15 [error] [exception.CHttpException.404] CHttpException: Unable to resolve the request "favicon.ico". in /var/www/yii/framework/web/CWebApplication.php:286
Stack trace:
#0 /var/www/yii/framework/web/CWebApplication.php(141): CWebApplication->runController('favicon.ico')
#1 /var/www/yii/framework/base/CApplication.php(185): CWebApplication->processRequest()
#2 /var/www/public/index.php(13): CApplication->run()
#3 {main}
REQUEST_URI=/favicon.ico
HTTP_REFERER=http://94.249.192.93:8883/site/login
---
2019/04/30 09:10:03 [error] [exception.CHttpException.404] CHttpException: Unable to resolve the request "favicon.ico". in /var/www/yii/framework/web/CWebApplication.php:286
Stack trace:
#0 /var/www/yii/framework/web/CWebApplication.php(141): CWebApplication->runController('favicon.ico')
#1 /var/www/yii/framework/base/CApplication.php(185): CWebApplication->processRequest()
#2 /var/www/public/index.php(13): CApplication->run()
#3 {main}
REQUEST_URI=/favicon.ico
HTTP_REFERER=http://94.249.192.93:8883/site/login
---
